  CPlayer.cpp
C:\GitHub\Learn-Cpp\03_WindowAPI\WinApi_0313_0314\WinApi_0310_\CPlayer.cpp(60,35): warning C4244: '인수': 'float'에서 'int'(으)로 변환하면서 데이터가 손실될 수 있습니다.
C:\GitHub\Learn-Cpp\03_WindowAPI\WinApi_0313_0314\WinApi_0310_\CPlayer.cpp(60,23): warning C4244: '인수': 'float'에서 'int'(으)로 변환하면서 데이터가 손실될 수 있습니다.
C:\GitHub\Learn-Cpp\03_WindowAPI\WinApi_0313_0314\WinApi_0310_\CPlayer.cpp(61,38): warning C4244: '인수': '_Ty2'에서 'int'(으)로 변환하면서 데이터가 손실될 수 있습니다.
          with
          [
              _Ty2=float
          ]
C:\GitHub\Learn-Cpp\03_WindowAPI\WinApi_0313_0314\WinApi_0310_\CPlayer.cpp(61,22): warning C4244: '인수': '_Ty1'에서 'int'(으)로 변환하면서 데이터가 손실될 수 있습니다.
          with
          [
              _Ty1=float
          ]
C:\GitHub\Learn-Cpp\03_WindowAPI\WinApi_0313_0314\WinApi_0310_\CPlayer.cpp(65,44): warning C4244: '인수': 'float'에서 'int'(으)로 변환하면서 데이터가 손실될 수 있습니다.
C:\GitHub\Learn-Cpp\03_WindowAPI\WinApi_0313_0314\WinApi_0310_\CPlayer.cpp(65,20): warning C4244: '인수': 'float'에서 'int'(으)로 변환하면서 데이터가 손실될 수 있습니다.
C:\GitHub\Learn-Cpp\03_WindowAPI\WinApi_0313_0314\WinApi_0310_\CPlayer.cpp(64,44): warning C4244: '인수': 'float'에서 'int'(으)로 변환하면서 데이터가 손실될 수 있습니다.
C:\GitHub\Learn-Cpp\03_WindowAPI\WinApi_0313_0314\WinApi_0310_\CPlayer.cpp(64,20): warning C4244: '인수': 'float'에서 'int'(으)로 변환하면서 데이터가 손실될 수 있습니다.
C:\GitHub\Learn-Cpp\03_WindowAPI\WinApi_0313_0314\WinApi_0310_\CPlayer.cpp(88,9): warning C4804: '<=': 연산에 'bool' 형식을 사용하는 것은 안전하지 않습니다.
C:\GitHub\Learn-Cpp\03_WindowAPI\WinApi_0313_0314\WinApi_0310_\CPlayer.cpp(99,9): warning C4804: '<=': 연산에 'bool' 형식을 사용하는 것은 안전하지 않습니다.
C:\Program Files\Microsoft Visual Studio\2022\Community\VC\Tools\MSVC\14.35.32215\include\utility(172,16): warning C4244: '초기화 중': '_Ty'에서 '_Ty1'(으)로 변환하면서 데이터가 손실될 수 있습니다.
          with
          [
              _Ty=int
          ]
          and
          [
              _Ty1=float
          ]
C:\GitHub\Learn-Cpp\03_WindowAPI\WinApi_0313_0314\WinApi_0310_\CPlayer.cpp(6,77): message : 컴파일되는 함수 템플릿 인스턴스화 'std::pair<float,float>::pair<int,int,0>(_Other1 &&,_Other2 &&) noexcept'에 대한 참조를 확인하세요.
          with
          [
              _Other1=int,
              _Other2=int
          ]
C:\GitHub\Learn-Cpp\03_WindowAPI\WinApi_0313_0314\WinApi_0310_\CPlayer.cpp(6,72): message : 컴파일되는 함수 템플릿 인스턴스화 'std::pair<float,float>::pair<int,int,0>(_Other1 &&,_Other2 &&) noexcept'에 대한 참조를 확인하세요.
          with
          [
              _Other1=int,
              _Other2=int
          ]
C:\Program Files\Microsoft Visual Studio\2022\Community\VC\Tools\MSVC\14.35.32215\include\utility(172,54): warning C4244: '초기화 중': '_Ty'에서 '_Ty2'(으)로 변환하면서 데이터가 손실될 수 있습니다.
          with
          [
              _Ty=int
          ]
          and
          [
              _Ty2=float
          ]
  WinApi_0310_.vcxproj -> C:\GitHub\Learn-Cpp\03_WindowAPI\WinApi_0313_0314\x64\Debug\WinApi_0310_.exe
