  BaseCreature.cpp
  ConsumableItem.cpp
  EquipmentItem.cpp
  Field.cpp
C:\GitHub\Learn-Cpp\TextRPG\TextRPG_ver7\TextRPG_ver7\Player.h(6,1): error C2504: 'CBaseCreature': 기본 클래스를 정의하지 않았습니다.
C:\GitHub\Learn-Cpp\TextRPG\TextRPG_ver7\TextRPG_ver7\Player.h(8,8): error C3646: 'm_stPINFO': 알 수 없는 재정의 지정자입니다.
C:\GitHub\Learn-Cpp\TextRPG\TextRPG_ver7\TextRPG_ver7\Player.h(8,17): error C4430: 형식 지정자가 없습니다. int로 가정합니다. 참고: C++에서는 기본 int를 지원하지 않습니다.
C:\GitHub\Learn-Cpp\TextRPG\TextRPG_ver7\TextRPG_ver7\Field.cpp(90,17): error C2039: 'SetCurrHP': 'CPlayer'의 멤버가 아닙니다.
C:\GitHub\Learn-Cpp\TextRPG\TextRPG_ver7\TextRPG_ver7\Player.h(5,7): message : 'CPlayer' 선언을 참조하십시오.
C:\GitHub\Learn-Cpp\TextRPG\TextRPG_ver7\TextRPG_ver7\Field.cpp(90,39): error C2039: 'GetTotalHP': 'CPlayer'의 멤버가 아닙니다.
C:\GitHub\Learn-Cpp\TextRPG\TextRPG_ver7\TextRPG_ver7\Player.h(5,7): message : 'CPlayer' 선언을 참조하십시오.
C:\GitHub\Learn-Cpp\TextRPG\TextRPG_ver7\TextRPG_ver7\Field.cpp(101,76): error C2039: 'GetOffencePower': 'CPlayer'의 멤버가 아닙니다.
C:\GitHub\Learn-Cpp\TextRPG\TextRPG_ver7\TextRPG_ver7\Player.h(5,7): message : 'CPlayer' 선언을 참조하십시오.
C:\GitHub\Learn-Cpp\TextRPG\TextRPG_ver7\TextRPG_ver7\Field.cpp(102,35): error C2039: 'GetOffencePower': 'CPlayer'의 멤버가 아닙니다.
C:\GitHub\Learn-Cpp\TextRPG\TextRPG_ver7\TextRPG_ver7\Player.h(5,7): message : 'CPlayer' 선언을 참조하십시오.
C:\GitHub\Learn-Cpp\TextRPG\TextRPG_ver7\TextRPG_ver7\Field.cpp(114,14): error C2039: 'Damaged': 'CPlayer'의 멤버가 아닙니다.
C:\GitHub\Learn-Cpp\TextRPG\TextRPG_ver7\TextRPG_ver7\Player.h(5,7): message : 'CPlayer' 선언을 참조하십시오.
C:\GitHub\Learn-Cpp\TextRPG\TextRPG_ver7\TextRPG_ver7\Field.cpp(117,18): error C2039: 'IsDead': 'CPlayer'의 멤버가 아닙니다.
C:\GitHub\Learn-Cpp\TextRPG\TextRPG_ver7\TextRPG_ver7\Player.h(5,7): message : 'CPlayer' 선언을 참조하십시오.
  Inventory.cpp
C:\GitHub\Learn-Cpp\TextRPG\TextRPG_ver7\TextRPG_ver7\Inventory.h(11,10): error C2065: 'stInvenItem_INFO': 선언되지 않은 식별자입니다.
C:\GitHub\Learn-Cpp\TextRPG\TextRPG_ver7\TextRPG_ver7\Inventory.h(11,27): error C2275: 'CEquipmentItem': 형식 대신 식이 필요합니다.
C:\GitHub\Learn-Cpp\TextRPG\TextRPG_ver7\TextRPG_ver7\Inventory.h(11,2): error C2974: 'std::vector': '_Ty'의 템플릿 인수가 잘못되었습니다. 형식이 필요합니다.
C:\Program Files\Microsoft Visual Studio\2022\Community\VC\Tools\MSVC\14.34.31933\include\vector(494,1): message : 'std::vector' 선언을 참조하십시오.
C:\GitHub\Learn-Cpp\TextRPG\TextRPG_ver7\TextRPG_ver7\Inventory.h(11,2): error C2976: 'std::vector': 템플릿 인수가 너무 적습니다.
C:\Program Files\Microsoft Visual Studio\2022\Community\VC\Tools\MSVC\14.34.31933\include\vector(494,1): message : 'std::vector' 선언을 참조하십시오.
C:\GitHub\Learn-Cpp\TextRPG\TextRPG_ver7\TextRPG_ver7\Inventory.h(11,44): error C2059: 구문 오류: '>'
C:\GitHub\Learn-Cpp\TextRPG\TextRPG_ver7\TextRPG_ver7\Inventory.h(11,62): error C2238: ';' 앞에 예기치 않은 토큰이 있습니다.
C:\GitHub\Learn-Cpp\TextRPG\TextRPG_ver7\TextRPG_ver7\Inventory.h(12,10): error C2065: 'stInvenItem_INFO': 선언되지 않은 식별자입니다.
C:\GitHub\Learn-Cpp\TextRPG\TextRPG_ver7\TextRPG_ver7\Inventory.h(12,27): error C2275: 'CConsumableItem': 형식 대신 식이 필요합니다.
C:\GitHub\Learn-Cpp\TextRPG\TextRPG_ver7\TextRPG_ver7\Inventory.h(12,2): error C2974: 'std::vector': '_Ty'의 템플릿 인수가 잘못되었습니다. 형식이 필요합니다.
C:\Program Files\Microsoft Visual Studio\2022\Community\VC\Tools\MSVC\14.34.31933\include\vector(494,1): message : 'std::vector' 선언을 참조하십시오.
C:\GitHub\Learn-Cpp\TextRPG\TextRPG_ver7\TextRPG_ver7\Inventory.h(12,2): error C2976: 'std::vector': 템플릿 인수가 너무 적습니다.
C:\Program Files\Microsoft Visual Studio\2022\Community\VC\Tools\MSVC\14.34.31933\include\vector(494,1): message : 'std::vector' 선언을 참조하십시오.
C:\GitHub\Learn-Cpp\TextRPG\TextRPG_ver7\TextRPG_ver7\Inventory.h(12,45): error C2059: 구문 오류: '>'
C:\GitHub\Learn-Cpp\TextRPG\TextRPG_ver7\TextRPG_ver7\Inventory.h(12,64): error C2238: ';' 앞에 예기치 않은 토큰이 있습니다.
C:\GitHub\Learn-Cpp\TextRPG\TextRPG_ver7\TextRPG_ver7\Inventory.cpp(8,2): error C2065: 'm_vecEquipments': 선언되지 않은 식별자입니다.
C:\GitHub\Learn-Cpp\TextRPG\TextRPG_ver7\TextRPG_ver7\Inventory.cpp(9,2): error C2065: 'm_vecConbumables': 선언되지 않은 식별자입니다.
C:\GitHub\Learn-Cpp\TextRPG\TextRPG_ver7\TextRPG_ver7\Inventory.cpp(24,14): error C2065: 'm_vecEquipments': 선언되지 않은 식별자입니다.
C:\GitHub\Learn-Cpp\TextRPG\TextRPG_ver7\TextRPG_ver7\Inventory.cpp(25,14): error C2065: 'm_vecConbumables': 선언되지 않은 식별자입니다.
  ItemBase.cpp
  MainGame.cpp
C:\GitHub\Learn-Cpp\TextRPG\TextRPG_ver7\TextRPG_ver7\Player.h(6,1): error C2504: 'CBaseCreature': 기본 클래스를 정의하지 않았습니다.
  Mall.cpp
C:\GitHub\Learn-Cpp\TextRPG\TextRPG_ver7\TextRPG_ver7\Player.h(6,1): error C2504: 'CBaseCreature': 기본 클래스를 정의하지 않았습니다.
C:\GitHub\Learn-Cpp\TextRPG\TextRPG_ver7\TextRPG_ver7\Player.h(8,8): error C3646: 'm_stPINFO': 알 수 없는 재정의 지정자입니다.
C:\GitHub\Learn-Cpp\TextRPG\TextRPG_ver7\TextRPG_ver7\Player.h(8,17): error C4430: 형식 지정자가 없습니다. int로 가정합니다. 참고: C++에서는 기본 int를 지원하지 않습니다.
  Monster.cpp
  Player.cpp
C:\GitHub\Learn-Cpp\TextRPG\TextRPG_ver7\TextRPG_ver7\Player.h(6,1): error C2504: 'CBaseCreature': 기본 클래스를 정의하지 않았습니다.
C:\GitHub\Learn-Cpp\TextRPG\TextRPG_ver7\TextRPG_ver7\Player.h(8,8): error C3646: 'm_stPINFO': 알 수 없는 재정의 지정자입니다.
C:\GitHub\Learn-Cpp\TextRPG\TextRPG_ver7\TextRPG_ver7\Player.h(8,17): error C4430: 형식 지정자가 없습니다. int로 가정합니다. 참고: C++에서는 기본 int를 지원하지 않습니다.
C:\GitHub\Learn-Cpp\TextRPG\TextRPG_ver7\TextRPG_ver7\Player.cpp(34,24): error C2065: 'm_stBCINFO': 선언되지 않은 식별자입니다.
C:\GitHub\Learn-Cpp\TextRPG\TextRPG_ver7\TextRPG_ver7\Player.cpp(34,53): error C2065: 'm_stPINFO': 선언되지 않은 식별자입니다.
C:\GitHub\Learn-Cpp\TextRPG\TextRPG_ver7\TextRPG_ver7\Player.cpp(34,85): error C2065: 'm_stPINFO': 선언되지 않은 식별자입니다.
C:\GitHub\Learn-Cpp\TextRPG\TextRPG_ver7\TextRPG_ver7\Player.cpp(35,22): error C2065: 'm_stBCINFO': 선언되지 않은 식별자입니다.
C:\GitHub\Learn-Cpp\TextRPG\TextRPG_ver7\TextRPG_ver7\Player.cpp(35,51): error C2065: 'm_stBCINFO': 선언되지 않은 식별자입니다.
C:\GitHub\Learn-Cpp\TextRPG\TextRPG_ver7\TextRPG_ver7\Player.cpp(35,98): error C2065: 'm_stBCINFO': 선언되지 않은 식별자입니다.
C:\GitHub\Learn-Cpp\TextRPG\TextRPG_ver7\TextRPG_ver7\Player.cpp(35,141): error C2065: 'm_stBCINFO': 선언되지 않은 식별자입니다.
C:\GitHub\Learn-Cpp\TextRPG\TextRPG_ver7\TextRPG_ver7\Player.cpp(41,5): error C2065: 'm_stPINFO': 선언되지 않은 식별자입니다.
C:\GitHub\Learn-Cpp\TextRPG\TextRPG_ver7\TextRPG_ver7\Player.cpp(42,5): error C2065: 'm_stBCINFO': 선언되지 않은 식별자입니다.
C:\GitHub\Learn-Cpp\TextRPG\TextRPG_ver7\TextRPG_ver7\Player.cpp(42,27): error C2065: 'm_stBCINFO': 선언되지 않은 식별자입니다.
C:\GitHub\Learn-Cpp\TextRPG\TextRPG_ver7\TextRPG_ver7\Player.cpp(43,5): error C2065: 'm_stBCINFO': 선언되지 않은 식별자입니다.
C:\GitHub\Learn-Cpp\TextRPG\TextRPG_ver7\TextRPG_ver7\Player.cpp(43,26): error C2065: 'm_stBCINFO': 선언되지 않은 식별자입니다.
C:\GitHub\Learn-Cpp\TextRPG\TextRPG_ver7\TextRPG_ver7\Player.cpp(44,5): error C2065: 'm_stBCINFO': 선언되지 않은 식별자입니다.
C:\GitHub\Learn-Cpp\TextRPG\TextRPG_ver7\TextRPG_ver7\Player.cpp(44,32): error C2065: 'm_stBCINFO': 선언되지 않은 식별자입니다.
C:\GitHub\Learn-Cpp\TextRPG\TextRPG_ver7\TextRPG_ver7\Player.cpp(57,13): error C2065: 'm_stBCINFO': 선언되지 않은 식별자입니다.
C:\GitHub\Learn-Cpp\TextRPG\TextRPG_ver7\TextRPG_ver7\Player.cpp(58,13): error C2065: 'm_stBCINFO': 선언되지 않은 식별자입니다.
C:\GitHub\Learn-Cpp\TextRPG\TextRPG_ver7\TextRPG_ver7\Player.cpp(59,22): error C2065: 'm_stPINFO': 선언되지 않은 식별자입니다.
C:\GitHub\Learn-Cpp\TextRPG\TextRPG_ver7\TextRPG_ver7\Player.cpp(63,13): error C2065: 'm_stBCINFO': 선언되지 않은 식별자입니다.
C:\GitHub\Learn-Cpp\TextRPG\TextRPG_ver7\TextRPG_ver7\Player.cpp(64,13): error C2065: 'm_stBCINFO': 선언되지 않은 식별자입니다.
C:\GitHub\Learn-Cpp\TextRPG\TextRPG_ver7\TextRPG_ver7\Player.cpp(65,22): error C2065: 'm_stPINFO': 선언되지 않은 식별자입니다.
C:\GitHub\Learn-Cpp\TextRPG\TextRPG_ver7\TextRPG_ver7\Player.cpp(69,13): error C2065: 'm_stBCINFO': 선언되지 않은 식별자입니다.
C:\GitHub\Learn-Cpp\TextRPG\TextRPG_ver7\TextRPG_ver7\Player.cpp(70,13): error C2065: 'm_stBCINFO': 선언되지 않은 식별자입니다.
C:\GitHub\Learn-Cpp\TextRPG\TextRPG_ver7\TextRPG_ver7\Player.cpp(71,22): error C2065: 'm_stPINFO': 선언되지 않은 식별자입니다.
C:\GitHub\Learn-Cpp\TextRPG\TextRPG_ver7\TextRPG_ver7\Player.cpp(78,5): error C2065: 'm_stBCINFO': 선언되지 않은 식별자입니다.
C:\GitHub\Learn-Cpp\TextRPG\TextRPG_ver7\TextRPG_ver7\Player.cpp(78,26): error C2065: 'm_stBCINFO': 선언되지 않은 식별자입니다.
C:\GitHub\Learn-Cpp\TextRPG\TextRPG_ver7\TextRPG_ver7\Player.cpp(92,22): error C2065: 'm_stBCINFO': 선언되지 않은 식별자입니다.
C:\GitHub\Learn-Cpp\TextRPG\TextRPG_ver7\TextRPG_ver7\Player.cpp(102,2): error C2065: 'm_stBCINFO': 선언되지 않은 식별자입니다.
C:\GitHub\Learn-Cpp\TextRPG\TextRPG_ver7\TextRPG_ver7\Player.cpp(102,21): error C2065: 'm_stBCINFO': 선언되지 않은 식별자입니다.
C:\GitHub\Learn-Cpp\TextRPG\TextRPG_ver7\TextRPG_ver7\Player.cpp(106,2): error C2065: 'm_stBCINFO': 선언되지 않은 식별자입니다.
C:\GitHub\Learn-Cpp\TextRPG\TextRPG_ver7\TextRPG_ver7\Player.cpp(106,21): error C2065: 'm_stBCINFO': 선언되지 않은 식별자입니다.
  stdafx.cpp
C:\GitHub\Learn-Cpp\TextRPG\TextRPG_ver7\TextRPG_ver7\stdafx.cpp(1,10): fatal  error C1083: 포함 파일을 열 수 없습니다. 'stdfax.h': No such file or directory
  Store.cpp
  코드를 생성하고 있습니다...
