  MainGame.cpp
C:\GitHub\Learn-Cpp\WindowsProject1\WindowsProject1\Define.h(4,18): error C4430: 형식 지정자가 없습니다. int로 가정합니다. 참고: C++에서는 기본 int를 지원하지 않습니다.
C:\GitHub\Learn-Cpp\WindowsProject1\WindowsProject1\Define.h(4,12): error C2146: 구문 오류: ';'이(가) 'p_Hwnd' 식별자 앞에 없습니다.
C:\GitHub\Learn-Cpp\WindowsProject1\WindowsProject1\MainGame.h(7,6): error C3646: 'm_DC': 알 수 없는 재정의 지정자입니다.
C:\GitHub\Learn-Cpp\WindowsProject1\WindowsProject1\MainGame.h(7,10): error C4430: 형식 지정자가 없습니다. int로 가정합니다. 참고: C++에서는 기본 int를 지원하지 않습니다.
C:\Program Files (x86)\Windows Kits\10\Include\10.0.22000.0\shared\windef.h(80,20): error C2378: 'HDC': 재정의. 형식 정의를 사용하여 기호를 오버로드할 수 없습니다.
C:\GitHub\Learn-Cpp\WindowsProject1\WindowsProject1\Define.h(4,8): message : 'HDC' 선언을 참조하십시오.
C:\Program Files (x86)\Windows Kits\10\Include\10.0.22000.0\um\wingdi.h(3785,39): warning C4229: 오래된 구문을 사용했습니다. 데이터의 한정자가 무시됩니다.
C:\Program Files (x86)\Windows Kits\10\Include\10.0.22000.0\um\wingdi.h(3785,39): error C2491: 'Arc': dllimport 데이터을(를) 정의할 수 없습니다.
C:\Program Files (x86)\Windows Kits\10\Include\10.0.22000.0\um\wingdi.h(3785,39): error C2146: 구문 오류: ')'이(가) 'hdc' 식별자 앞에 없습니다.
C:\Program Files (x86)\Windows Kits\10\Include\10.0.22000.0\um\wingdi.h(3786,42): warning C4229: 오래된 구문을 사용했습니다. 데이터의 한정자가 무시됩니다.
C:\Program Files (x86)\Windows Kits\10\Include\10.0.22000.0\um\wingdi.h(3786,42): error C2491: 'BitBlt': dllimport 데이터을(를) 정의할 수 없습니다.
C:\Program Files (x86)\Windows Kits\10\Include\10.0.22000.0\um\wingdi.h(3786,42): error C2146: 구문 오류: ')'이(가) 'hdc' 식별자 앞에 없습니다.
C:\Program Files (x86)\Windows Kits\10\Include\10.0.22000.0\um\wingdi.h(3787,43): warning C4229: 오래된 구문을 사용했습니다. 데이터의 한정자가 무시됩니다.
C:\Program Files (x86)\Windows Kits\10\Include\10.0.22000.0\um\wingdi.h(3787,43): error C2491: 'CancelDC': dllimport 데이터을(를) 정의할 수 없습니다.
C:\Program Files (x86)\Windows Kits\10\Include\10.0.22000.0\um\wingdi.h(3787,43): error C2146: 구문 오류: ')'이(가) 'hdc' 식별자 앞에 없습니다.
C:\Program Files (x86)\Windows Kits\10\Include\10.0.22000.0\um\wingdi.h(3788,41): warning C4229: 오래된 구문을 사용했습니다. 데이터의 한정자가 무시됩니다.
C:\Program Files (x86)\Windows Kits\10\Include\10.0.22000.0\um\wingdi.h(3788,41): error C2491: 'Chord': dllimport 데이터을(를) 정의할 수 없습니다.
C:\Program Files (x86)\Windows Kits\10\Include\10.0.22000.0\um\wingdi.h(3788,41): error C2146: 구문 오류: ')'이(가) 'hdc' 식별자 앞에 없습니다.
C:\Program Files (x86)\Windows Kits\10\Include\10.0.22000.0\um\wingdi.h(3789,52): warning C4229: 오래된 구문을 사용했습니다. 데이터의 한정자가 무시됩니다.
C:\Program Files (x86)\Windows Kits\10\Include\10.0.22000.0\um\wingdi.h(3789,52): error C2491: 'ChoosePixelFormat': dllimport 데이터을(를) 정의할 수 없습니다.
C:\Program Files (x86)\Windows Kits\10\Include\10.0.22000.0\um\wingdi.h(3789,52): error C2146: 구문 오류: ')'이(가) 'hdc' 식별자 앞에 없습니다.
C:\Program Files (x86)\Windows Kits\10\Include\10.0.22000.0\um\wingdi.h(3790,53): warning C4229: 오래된 구문을 사용했습니다. 데이터의 한정자가 무시됩니다.
C:\Program Files (x86)\Windows Kits\10\Include\10.0.22000.0\um\wingdi.h(3790,53): error C2491: 'CloseMetaFile': dllimport 데이터을(를) 정의할 수 없습니다.
C:\Program Files (x86)\Windows Kits\10\Include\10.0.22000.0\um\wingdi.h(3790,53): error C2146: 구문 오류: ')'이(가) 'hdc' 식별자 앞에 없습니다.
C:\Program Files (x86)\Windows Kits\10\Include\10.0.22000.0\um\wingdi.h(3802,59): warning C4229: 오래된 구문을 사용했습니다. 데이터의 한정자가 무시됩니다.
C:\Program Files (x86)\Windows Kits\10\Include\10.0.22000.0\um\wingdi.h(3802,59): error C2491: 'CreateCompatibleBitmap': dllimport 데이터을(를) 정의할 수 없습니다.
C:\Program Files (x86)\Windows Kits\10\Include\10.0.22000.0\um\wingdi.h(3802,59): error C2146: 구문 오류: ')'이(가) 'hdc' 식별자 앞에 없습니다.
C:\Program Files (x86)\Windows Kits\10\Include\10.0.22000.0\um\wingdi.h(3803,60): warning C4229: 오래된 구문을 사용했습니다. 데이터의 한정자가 무시됩니다.
C:\Program Files (x86)\Windows Kits\10\Include\10.0.22000.0\um\wingdi.h(3803,60): error C2491: 'CreateDiscardableBitmap': dllimport 데이터을(를) 정의할 수 없습니다.
C:\Program Files (x86)\Windows Kits\10\Include\10.0.22000.0\um\wingdi.h(3803,60): error C2146: 구문 오류: ')'이(가) 'hdc' 식별자 앞에 없습니다.
C:\Program Files (x86)\Windows Kits\10\Include\10.0.22000.0\um\wingdi.h(3804,19): error C2143: 구문 오류: ';'이(가) '__cdecl' 앞에 없습니다.
C:\Program Files (x86)\Windows Kits\10\Include\10.0.22000.0\um\wingdi.h(3804,19): error C4430: 형식 지정자가 없습니다. int로 가정합니다. 참고: C++에서는 기본 int를 지원하지 않습니다.
C:\Program Files (x86)\Windows Kits\10\Include\10.0.22000.0\um\wingdi.h(3804,11): error C2370: 'HDC': 재정의. 스토리지 클래스가 다릅니다.
C:\GitHub\Learn-Cpp\WindowsProject1\WindowsProject1\Define.h(4,8): message : 'HDC' 선언을 참조하십시오.
C:\Program Files (x86)\Windows Kits\10\Include\10.0.22000.0\um\wingdi.h(3804,59): warning C4229: 오래된 구문을 사용했습니다. 데이터의 한정자가 무시됩니다.
C:\Program Files (x86)\Windows Kits\10\Include\10.0.22000.0\um\wingdi.h(3804,59): error C4430: 형식 지정자가 없습니다. int로 가정합니다. 참고: C++에서는 기본 int를 지원하지 않습니다.
C:\Program Files (x86)\Windows Kits\10\Include\10.0.22000.0\um\wingdi.h(3804,59): error C2146: 구문 오류: ')'이(가) 'hdc' 식별자 앞에 없습니다.
C:\Program Files (x86)\Windows Kits\10\Include\10.0.22000.0\um\wingdi.h(3805,19): error C2143: 구문 오류: ';'이(가) '__cdecl' 앞에 없습니다.
C:\Program Files (x86)\Windows Kits\10\Include\10.0.22000.0\um\wingdi.h(3805,19): error C4430: 형식 지정자가 없습니다. int로 가정합니다. 참고: C++에서는 기본 int를 지원하지 않습니다.
C:\Program Files (x86)\Windows Kits\10\Include\10.0.22000.0\um\wingdi.h(3805,11): error C2370: 'HDC': 재정의. 스토리지 클래스가 다릅니다.
C:\GitHub\Learn-Cpp\WindowsProject1\WindowsProject1\Define.h(4,8): message : 'HDC' 선언을 참조하십시오.
C:\Program Files (x86)\Windows Kits\10\Include\10.0.22000.0\um\wingdi.h(3805,148): error C4430: 형식 지정자가 없습니다. int로 가정합니다. 참고: C++에서는 기본 int를 지원하지 않습니다.
C:\Program Files (x86)\Windows Kits\10\Include\10.0.22000.0\um\wingdi.h(3806,19): error C2143: 구문 오류: ';'이(가) '__cdecl' 앞에 없습니다.
C:\Program Files (x86)\Windows Kits\10\Include\10.0.22000.0\um\wingdi.h(3806,19): error C4430: 형식 지정자가 없습니다. int로 가정합니다. 참고: C++에서는 기본 int를 지원하지 않습니다.
C:\Program Files (x86)\Windows Kits\10\Include\10.0.22000.0\um\wingdi.h(3806,11): error C2370: 'HDC': 재정의. 스토리지 클래스가 다릅니다.
C:\GitHub\Learn-Cpp\WindowsProject1\WindowsProject1\Define.h(4,8): message : 'HDC' 선언을 참조하십시오.
C:\Program Files (x86)\Windows Kits\10\Include\10.0.22000.0\um\wingdi.h(3806,151): error C4430: 형식 지정자가 없습니다. int로 가정합니다. 참고: C++에서는 기본 int를 지원하지 않습니다.
C:\Program Files (x86)\Windows Kits\10\Include\10.0.22000.0\um\wingdi.h(3812,51): warning C4229: 오래된 구문을 사용했습니다. 데이터의 한정자가 무시됩니다.
C:\Program Files (x86)\Windows Kits\10\Include\10.0.22000.0\um\wingdi.h(3812,51): error C2491: 'CreateDIBitmap': dllimport 데이터을(를) 정의할 수 없습니다.
C:\Program Files (x86)\Windows Kits\10\Include\10.0.22000.0\um\wingdi.h(3812,51): error C2146: 구문 오류: ')'이(가) 'hdc' 식별자 앞에 없습니다.
C:\Program Files (x86)\Windows Kits\10\Include\10.0.22000.0\um\wingdi.h(3837,19): error C2143: 구문 오류: ';'이(가) '__cdecl' 앞에 없습니다.
C:\Program Files (x86)\Windows Kits\10\Include\10.0.22000.0\um\wingdi.h(3837,19): error C4430: 형식 지정자가 없습니다. int로 가정합니다. 참고: C++에서는 기본 int를 지원하지 않습니다.
C:\Program Files (x86)\Windows Kits\10\Include\10.0.22000.0\um\wingdi.h(3837,11): error C2370: 'HDC': 재정의. 스토리지 클래스가 다릅니다.
C:\GitHub\Learn-Cpp\WindowsProject1\WindowsProject1\Define.h(4,8): message : 'HDC' 선언을 참조하십시오.
C:\Program Files (x86)\Windows Kits\10\Include\10.0.22000.0\um\wingdi.h(3837,146): error C4430: 형식 지정자가 없습니다. int로 가정합니다. 참고: C++에서는 기본 int를 지원하지 않습니다.
C:\Program Files (x86)\Windows Kits\10\Include\10.0.22000.0\um\wingdi.h(3838,19): error C2143: 구문 오류: ';'이(가) '__cdecl' 앞에 없습니다.
C:\Program Files (x86)\Windows Kits\10\Include\10.0.22000.0\um\wingdi.h(3838,19): error C4430: 형식 지정자가 없습니다. int로 가정합니다. 참고: C++에서는 기본 int를 지원하지 않습니다.
C:\Program Files (x86)\Windows Kits\10\Include\10.0.22000.0\um\wingdi.h(3838,11): error C2370: 'HDC': 재정의. 스토리지 클래스가 다릅니다.
C:\GitHub\Learn-Cpp\WindowsProject1\WindowsProject1\Define.h(4,8): message : 'HDC' 선언을 참조하십시오.
C:\Program Files (x86)\Windows Kits\10\Include\10.0.22000.0\um\wingdi.h(3838,149): error C4430: 형식 지정자가 없습니다. int로 가정합니다. 참고: C++에서는 기본 int를 지원하지 않습니다.
C:\Program Files (x86)\Windows Kits\10\Include\10.0.22000.0\um\wingdi.h(3844,19): error C2143: 구문 오류: ';'이(가) '__cdecl' 앞에 없습니다.
C:\Program Files (x86)\Windows Kits\10\Include\10.0.22000.0\um\wingdi.h(3844,19): error C4430: 형식 지정자가 없습니다. int로 가정합니다. 참고: C++에서는 기본 int를 지원하지 않습니다.
C:\Program Files (x86)\Windows Kits\10\Include\10.0.22000.0\um\wingdi.h(3844,11): error C2370: 'HDC': 재정의. 스토리지 클래스가 다릅니다.
C:\GitHub\Learn-Cpp\WindowsProject1\WindowsProject1\Define.h(4,8): message : 'HDC' 선언을 참조하십시오.
C:\Program Files (x86)\Windows Kits\10\Include\10.0.22000.0\um\wingdi.h(3844,67): error C4430: 형식 지정자가 없습니다. int로 가정합니다. 참고: C++에서는 기본 int를 지원하지 않습니다.
C:\Program Files (x86)\Windows Kits\10\Include\10.0.22000.0\um\wingdi.h(3845,19): error C2143: 구문 오류: ';'이(가) '__cdecl' 앞에 없습니다.
C:\Program Files (x86)\Windows Kits\10\Include\10.0.22000.0\um\wingdi.h(3845,19): error C4430: 형식 지정자가 없습니다. int로 가정합니다. 참고: C++에서는 기본 int를 지원하지 않습니다.
C:\Program Files (x86)\Windows Kits\10\Include\10.0.22000.0\um\wingdi.h(3845,11): error C2370: 'HDC': 재정의. 스토리지 클래스가 다릅니다.
C:\GitHub\Learn-Cpp\WindowsProject1\WindowsProject1\Define.h(4,8): message : 'HDC' 선언을 참조하십시오.
C:\Program Files (x86)\Windows Kits\10\Include\10.0.22000.0\um\wingdi.h(3845,68): error C4430: 형식 지정자가 없습니다. int로 가정합니다. 참고: C++에서는 기본 int를 지원하지 않습니다.
C:\Program Files (x86)\Windows Kits\10\Include\10.0.22000.0\um\wingdi.h(3871,42): warning C4229: 오래된 구문을 사용했습니다. 데이터의 한정자가 무시됩니다.
C:\Program Files (x86)\Windows Kits\10\Include\10.0.22000.0\um\wingdi.h(3871,42): error C2491: 'DeleteDC': dllimport 데이터을(를) 정의할 수 없습니다.
C:\Program Files (x86)\Windows Kits\10\Include\10.0.22000.0\um\wingdi.h(3871,42): error C2146: 구문 오류: ')'이(가) 'hdc' 식별자 앞에 없습니다.
C:\Program Files (x86)\Windows Kits\10\Include\10.0.22000.0\um\wingdi.h(3874,54): warning C4229: 오래된 구문을 사용했습니다. 데이터의 한정자가 무시됩니다.
C:\Program Files (x86)\Windows Kits\10\Include\10.0.22000.0\um\wingdi.h(3874,54): error C2491: 'DescribePixelFormat': dllimport 데이터을(를) 정의할 수 없습니다.
C:\Program Files (x86)\Windows Kits\10\Include\10.0.22000.0\um\wingdi.h(3874,54): error C2146: 구문 오류: ')'이(가) 'hdc' 식별자 앞에 없습니다.
C:\Program Files (x86)\Windows Kits\10\Include\10.0.22000.0\um\wingdi.h(3996,49): warning C4229: 오래된 구문을 사용했습니다. 데이터의 한정자가 무시됩니다.
C:\Program Files (x86)\Windows Kits\10\Include\10.0.22000.0\um\wingdi.h(3996,49): error C2491: 'DrawEscape': dllimport 데이터을(를) 정의할 수 없습니다.
C:\Program Files (x86)\Windows Kits\10\Include\10.0.22000.0\um\wingdi.h(3996,49): error C2146: 구문 오류: ')'이(가) 'hdc' 식별자 앞에 없습니다.
C:\Program Files (x86)\Windows Kits\10\Include\10.0.22000.0\um\wingdi.h(4001,42): warning C4229: 오래된 구문을 사용했습니다. 데이터의 한정자가 무시됩니다.
C:\Program Files (x86)\Windows Kits\10\Include\10.0.22000.0\um\wingdi.h(4001,42): error C2491: 'Ellipse': dllimport 데이터을(를) 정의할 수 없습니다.
C:\Program Files (x86)\Windows Kits\10\Include\10.0.22000.0\um\wingdi.h(4001,42): error C2146: 구문 오류: ')'이(가) 'hdc' 식별자 앞에 없습니다.
C:\Program Files (x86)\Windows Kits\10\Include\10.0.22000.0\um\wingdi.h(4004,53): warning C4229: 오래된 구문을 사용했습니다. 데이터의 한정자가 무시됩니다.
C:\Program Files (x86)\Windows Kits\10\Include\10.0.22000.0\um\wingdi.h(4004,53): error C2491: 'EnumFontFamiliesExA': dllimport 데이터을(를) 정의할 수 없습니다.
C:\Program Files (x86)\Windows Kits\10\Include\10.0.22000.0\um\wingdi.h(4004,53): error C2146: 구문 오류: ')'이(가) 'hdc' 식별자 앞에 없습니다.
C:\Program Files (x86)\Windows Kits\10\Include\10.0.22000.0\um\wingdi.h(4005,53): warning C4229: 오래된 구문을 사용했습니다. 데이터의 한정자가 무시됩니다.
C:\Program Files (x86)\Windows Kits\10\Include\10.0.22000.0\um\wingdi.h(4005,53): error C2491: 'EnumFontFamiliesExW': dllimport 데이터을(를) 정의할 수 없습니다.
C:\Program Files (x86)\Windows Kits\10\Include\10.0.22000.0\um\wingdi.h(4005,53): error C2146: 구문 오류: ')'이(가) 'hdc' 식별자 앞에 없습니다.
C:\Program Files (x86)\Windows Kits\10\Include\10.0.22000.0\um\wingdi.h(4013,51): warning C4229: 오래된 구문을 사용했습니다. 데이터의 한정자가 무시됩니다.
C:\Program Files (x86)\Windows Kits\10\Include\10.0.22000.0\um\wingdi.h(4013,51): error C2491: 'EnumFontFamiliesA': dllimport 데이터을(를) 정의할 수 없습니다.
C:\Program Files (x86)\Windows Kits\10\Include\10.0.22000.0\um\wingdi.h(4013,51): error C2146: 구문 오류: ')'이(가) 'hdc' 식별자 앞에 없습니다.
C:\Program Files (x86)\Windows Kits\10\Include\10.0.22000.0\um\wingdi.h(4014,51): warning C4229: 오래된 구문을 사용했습니다. 데이터의 한정자가 무시됩니다.
C:\Program Files (x86)\Windows Kits\10\Include\10.0.22000.0\um\wingdi.h(4014,51): error C2491: 'EnumFontFamiliesW': dllimport 데이터을(를) 정의할 수 없습니다.
C:\Program Files (x86)\Windows Kits\10\Include\10.0.22000.0\um\wingdi.h(4014,51): error C2146: 구문 오류: ')'이(가) 'hdc' 식별자 앞에 없습니다.
C:\Program Files (x86)\Windows Kits\10\Include\10.0.22000.0\um\wingdi.h(4020,44): warning C4229: 오래된 구문을 사용했습니다. 데이터의 한정자가 무시됩니다.
C:\Program Files (x86)\Windows Kits\10\Include\10.0.22000.0\um\wingdi.h(4020,44): error C2491: 'EnumFontsA': dllimport 데이터을(를) 정의할 수 없습니다.
C:\Program Files (x86)\Windows Kits\10\Include\10.0.22000.0\um\wingdi.h(4020,44): error C2146: 구문 오류: ')'이(가) 'hdc' 식별자 앞에 없습니다.
C:\Program Files (x86)\Windows Kits\10\Include\10.0.22000.0\um\wingdi.h(4021,44): warning C4229: 오래된 구문을 사용했습니다. 데이터의 한정자가 무시됩니다.
C:\Program Files (x86)\Windows Kits\10\Include\10.0.22000.0\um\wingdi.h(4021,44): error C2491: 'EnumFontsW': dllimport 데이터을(를) 정의할 수 없습니다.
C:\Program Files (x86)\Windows Kits\10\Include\10.0.22000.0\um\wingdi.h(4021,44): error C2146: 구문 오류: ')'이(가) 'hdc' 식별자 앞에 없습니다.
C:\Program Files (x86)\Windows Kits\10\Include\10.0.22000.0\um\wingdi.h(4029,45): warning C4229: 오래된 구문을 사용했습니다. 데이터의 한정자가 무시됩니다.
C:\Program Files (x86)\Windows Kits\10\Include\10.0.22000.0\um\wingdi.h(4029,45): error C2491: 'EnumObjects': dllimport 데이터을(를) 정의할 수 없습니다.
C:\Program Files (x86)\Windows Kits\10\Include\10.0.22000.0\um\wingdi.h(4029,45): error C2146: 구문 오류: ')'이(가) 'hdc' 식별자 앞에 없습니다.
C:\Program Files (x86)\Windows Kits\10\Include\10.0.22000.0\um\wingdi.h(4036,43): warning C4229: 오래된 구문을 사용했습니다. 데이터의 한정자가 무시됩니다.
C:\Program Files (x86)\Windows Kits\10\Include\10.0.22000.0\um\wingdi.h(4036,43): error C2491: 'Escape': dllimport 데이터을(를) 정의할 수 없습니다.
C:\Program Files (x86)\Windows Kits\10\Include\10.0.22000.0\um\wingdi.h(4036,43): error C2146: 구문 오류: ')'이(가) 'hdc' 식별자 앞에 없습니다.
C:\Program Files (x86)\Windows Kits\10\Include\10.0.22000.0\um\wingdi.h(4041,46): warning C4229: 오래된 구문을 사용했습니다. 데이터의 한정자가 무시됩니다.
C:\Program Files (x86)\Windows Kits\10\Include\10.0.22000.0\um\wingdi.h(4041,46): error C2491: 'ExtEscape': dllimport 데이터을(를) 정의할 수 없습니다.
C:\Program Files (x86)\Windows Kits\10\Include\10.0.22000.0\um\wingdi.h(4041,46): error C2146: 구문 오류: ')'이(가) 'hdc' 식별자 앞에 없습니다.
C:\Program Files (x86)\Windows Kits\10\Include\10.0.22000.0\um\wingdi.h(4047,50): warning C4229: 오래된 구문을 사용했습니다. 데이터의 한정자가 무시됩니다.
C:\Program Files (x86)\Windows Kits\10\Include\10.0.22000.0\um\wingdi.h(4047,50): error C2491: 'ExcludeClipRect': dllimport 데이터을(를) 정의할 수 없습니다.
C:\Program Files (x86)\Windows Kits\10\Include\10.0.22000.0\um\wingdi.h(4047,50): error C2146: 구문 오류: ')'이(가) 'hdc' 식별자 앞에 없습니다.
C:\Program Files (x86)\Windows Kits\10\Include\10.0.22000.0\um\wingdi.h(4049,47): warning C4229: 오래된 구문을 사용했습니다. 데이터의 한정자가 무시됩니다.
C:\Program Files (x86)\Windows Kits\10\Include\10.0.22000.0\um\wingdi.h(4049,47): error C2491: 'ExtFloodFill': dllimport 데이터을(를) 정의할 수 없습니다.
C:\Program Files (x86)\Windows Kits\10\Include\10.0.22000.0\um\wingdi.h(4049,47): error C2146: 구문 오류: ')'이(가) 'hdc' 식별자 앞에 없습니다.
C:\Program Files (x86)\Windows Kits\10\Include\10.0.22000.0\um\wingdi.h(4050,42): warning C4229: 오래된 구문을 사용했습니다. 데이터의 한정자가 무시됩니다.
C:\Program Files (x86)\Windows Kits\10\Include\10.0.22000.0\um\wingdi.h(4050,42): error C2491: 'FillRgn': dllimport 데이터을(를) 정의할 수 없습니다.
C:\Program Files (x86)\Windows Kits\10\Include\10.0.22000.0\um\wingdi.h(4050,42): error C2146: 구문 오류: ')'이(가) 'hdc' 식별자 앞에 없습니다.
C:\Program Files (x86)\Windows Kits\10\Include\10.0.22000.0\um\wingdi.h(4051,44): warning C4229: 오래된 구문을 사용했습니다. 데이터의 한정자가 무시됩니다.
C:\Program Files (x86)\Windows Kits\10\Include\10.0.22000.0\um\wingdi.h(4051,44): error C2491: 'FloodFill': dllimport 데이터을(를) 정의할 수 없습니다.
C:\Program Files (x86)\Windows Kits\10\Include\10.0.22000.0\um\wingdi.h(4051,44): error C2146: 구문 오류: ')'이(가) 'hdc' 식별자 앞에 없습니다.
C:\Program Files (x86)\Windows Kits\10\Include\10.0.22000.0\um\wingdi.h(4052,43): warning C4229: 오래된 구문을 사용했습니다. 데이터의 한정자가 무시됩니다.
C:\Program Files (x86)\Windows Kits\10\Include\10.0.22000.0\um\wingdi.h(4052,43): error C2491: 'FrameRgn': dllimport 데이터을(를) 정의할 수 없습니다.
C:\Program Files (x86)\Windows Kits\10\Include\10.0.22000.0\um\wingdi.h(4052,43): error C2146: 구문 오류: ')'이(가) 'hdc' 식별자 앞에 없습니다.
C:\Program Files (x86)\Windows Kits\10\Include\10.0.22000.0\um\wingdi.h(4053,41): warning C4229: 오래된 구문을 사용했습니다. 데이터의 한정자가 무시됩니다.
C:\Program Files (x86)\Windows Kits\10\Include\10.0.22000.0\um\wingdi.h(4053,41): error C2491: 'GetROP2': dllimport 데이터을(를) 정의할 수 없습니다.
C:\Program Files (x86)\Windows Kits\10\Include\10.0.22000.0\um\wingdi.h(4053,41): error C2146: 구문 오류: ')'이(가) 'hdc' 식별자 앞에 없습니다.
C:\Program Files (x86)\Windows Kits\10\Include\10.0.22000.0\um\wingdi.h(4054,56): warning C4229: 오래된 구문을 사용했습니다. 데이터의 한정자가 무시됩니다.
C:\Program Files (x86)\Windows Kits\10\Include\10.0.22000.0\um\wingdi.h(4054,56): error C2491: 'GetAspectRatioFilterEx': dllimport 데이터을(를) 정의할 수 없습니다.
C:\Program Files (x86)\Windows Kits\10\Include\10.0.22000.0\um\wingdi.h(4054,56): error C2146: 구문 오류: ')'이(가) 'hdc' 식별자 앞에 없습니다.
C:\Program Files (x86)\Windows Kits\10\Include\10.0.22000.0\um\wingdi.h(4055,48): warning C4229: 오래된 구문을 사용했습니다. 데이터의 한정자가 무시됩니다.
C:\Program Files (x86)\Windows Kits\10\Include\10.0.22000.0\um\wingdi.h(4055,48): error C2491: 'GetBkColor': dllimport 데이터을(를) 정의할 수 없습니다.
C:\Program Files (x86)\Windows Kits\10\Include\10.0.22000.0\um\wingdi.h(4055,48): error C2146: 구문 오류: ')'이(가) 'hdc' 식별자 앞에 없습니다.
C:\Program Files (x86)\Windows Kits\10\Include\10.0.22000.0\um\wingdi.h(4058,53): warning C4229: 오래된 구문을 사용했습니다. 데이터의 한정자가 무시됩니다.
C:\Program Files (x86)\Windows Kits\10\Include\10.0.22000.0\um\wingdi.h(4058,53): error C2491: 'GetDCBrushColor': dllimport 데이터을(를) 정의할 수 없습니다.
C:\Program Files (x86)\Windows Kits\10\Include\10.0.22000.0\um\wingdi.h(4058,53): error C2146: 구문 오류: ')'이(가) 'hdc' 식별자 앞에 없습니다.
C:\Program Files (x86)\Windows Kits\10\Include\10.0.22000.0\um\wingdi.h(4059,51): warning C4229: 오래된 구문을 사용했습니다. 데이터의 한정자가 무시됩니다.
C:\Program Files (x86)\Windows Kits\10\Include\10.0.22000.0\um\wingdi.h(4059,51): error C2491: 'GetDCPenColor': dllimport 데이터을(를) 정의할 수 없습니다.
C:\Program Files (x86)\Windows Kits\10\Include\10.0.22000.0\um\wingdi.h(4059,51): error C2146: 구문 오류: ')'이(가) 'hdc' 식별자 앞에 없습니다.
C:\Program Files (x86)\Windows Kits\10\Include\10.0.22000.0\um\wingdi.h(4066,14): warning C4229: 오래된 구문을 사용했습니다. 데이터의 한정자가 무시됩니다.
C:\Program Files (x86)\Windows Kits\10\Include\10.0.22000.0\um\wingdi.h(4066,14): error C2491: 'GetBkMode': dllimport 데이터을(를) 정의할 수 없습니다.
C:\Program Files (x86)\Windows Kits\10\Include\10.0.22000.0\um\wingdi.h(4066,14): error C2146: 구문 오류: ')'이(가) 'hdc' 식별자 앞에 없습니다.
C:\Program Files (x86)\Windows Kits\10\Include\10.0.22000.0\um\wingdi.h(4079,48): warning C4229: 오래된 구문을 사용했습니다. 데이터의 한정자가 무시됩니다.
C:\Program Files (x86)\Windows Kits\10\Include\10.0.22000.0\um\wingdi.h(4079,48): error C2491: 'GetBoundsRect': dllimport 데이터을(를) 정의할 수 없습니다.
C:\Program Files (x86)\Windows Kits\10\Include\10.0.22000.0\um\wingdi.h(4079,48): error C2146: 구문 오류: ')'이(가) 'hdc' 식별자 앞에 없습니다.
C:\Program Files (x86)\Windows Kits\10\Include\10.0.22000.0\um\wingdi.h(4081,48): warning C4229: 오래된 구문을 사용했습니다. 데이터의 한정자가 무시됩니다.
C:\Program Files (x86)\Windows Kits\10\Include\10.0.22000.0\um\wingdi.h(4081,48): error C2491: 'GetBrushOrgEx': dllimport 데이터을(를) 정의할 수 없습니다.
C:\Program Files (x86)\Windows Kits\10\Include\10.0.22000.0\um\wingdi.h(4081,48): error C2146: 구문 오류: ')'이(가) 'hdc' 식별자 앞에 없습니다.
C:\Program Files (x86)\Windows Kits\10\Include\10.0.22000.0\um\wingdi.h(4083,48): warning C4229: 오래된 구문을 사용했습니다. 데이터의 한정자가 무시됩니다.
C:\Program Files (x86)\Windows Kits\10\Include\10.0.22000.0\um\wingdi.h(4083,48): error C2491: 'GetCharWidthA': dllimport 데이터을(를) 정의할 수 없습니다.
C:\Program Files (x86)\Windows Kits\10\Include\10.0.22000.0\um\wingdi.h(4083,48): error C2146: 구문 오류: ')'이(가) 'hdc' 식별자 앞에 없습니다.
C:\Program Files (x86)\Windows Kits\10\Include\10.0.22000.0\um\wingdi.h(4084,48): warning C4229: 오래된 구문을 사용했습니다. 데이터의 한정자가 무시됩니다.
C:\Program Files (x86)\Windows Kits\10\Include\10.0.22000.0\um\wingdi.h(4084,48): error C2491: 'GetCharWidthW': dllimport 데이터을(를) 정의할 수 없습니다.
C:\Program Files (x86)\Windows Kits\10\Include\10.0.22000.0\um\wingdi.h(4084,48): error C2146: 구문 오류: ')'이(가) 'hdc' 식별자 앞에 없습니다.
C:\Program Files (x86)\Windows Kits\10\Include\10.0.22000.0\um\wingdi.h(4090,50): warning C4229: 오래된 구문을 사용했습니다. 데이터의 한정자가 무시됩니다.
C:\Program Files (x86)\Windows Kits\10\Include\10.0.22000.0\um\wingdi.h(4090,50): error C2491: 'GetCharWidth32A': dllimport 데이터을(를) 정의할 수 없습니다.
C:\Program Files (x86)\Windows Kits\10\Include\10.0.22000.0\um\wingdi.h(4090,50): error C2146: 구문 오류: ')'이(가) 'hdc' 식별자 앞에 없습니다.
C:\Program Files (x86)\Windows Kits\10\Include\10.0.22000.0\um\wingdi.h(4091,50): warning C4229: 오래된 구문을 사용했습니다. 데이터의 한정자가 무시됩니다.
C:\Program Files (x86)\Windows Kits\10\Include\10.0.22000.0\um\wingdi.h(4091,50): error C2491: 'GetCharWidth32W': dllimport 데이터을(를) 정의할 수 없습니다.
C:\Program Files (x86)\Windows Kits\10\Include\10.0.22000.0\um\wingdi.h(4091,50): error C2146: 구문 오류: ')'이(가) 'hdc' 식별자 앞에 없습니다.
C:\Program Files (x86)\Windows Kits\10\Include\10.0.22000.0\um\wingdi.h(4097,55): warning C4229: 오래된 구문을 사용했습니다. 데이터의 한정자가 무시됩니다.
C:\Program Files (x86)\Windows Kits\10\Include\10.0.22000.0\um\wingdi.h(4097,55): error C2491: 'GetCharWidthFloatA': dllimport 데이터을(를) 정의할 수 없습니다.
C:\Program Files (x86)\Windows Kits\10\Include\10.0.22000.0\um\wingdi.h(4097,55): error C2146: 구문 오류: ')'이(가) 'hdc' 식별자 앞에 없습니다.
C:\Program Files (x86)\Windows Kits\10\Include\10.0.22000.0\um\wingdi.h(4098,55): warning C4229: 오래된 구문을 사용했습니다. 데이터의 한정자가 무시됩니다.
C:\Program Files (x86)\Windows Kits\10\Include\10.0.22000.0\um\wingdi.h(4098,55): error C2491: 'GetCharWidthFloatW': dllimport 데이터을(를) 정의할 수 없습니다.
C:\Program Files (x86)\Windows Kits\10\Include\10.0.22000.0\um\wingdi.h(4098,55): error C2146: 구문 오류: ')'이(가) 'hdc' 식별자 앞에 없습니다.
C:\Program Files (x86)\Windows Kits\10\Include\10.0.22000.0\um\wingdi.h(4105,54): warning C4229: 오래된 구문을 사용했습니다. 데이터의 한정자가 무시됩니다.
C:\Program Files (x86)\Windows Kits\10\Include\10.0.22000.0\um\wingdi.h(4105,54): error C2491: 'GetCharABCWidthsA': dllimport 데이터을(를) 정의할 수 없습니다.
C:\Program Files (x86)\Windows Kits\10\Include\10.0.22000.0\um\wingdi.h(4105,54): fatal  error C1003: 오류 수가 100개를 초과했습니다. 컴파일을 중지합니다.
  WindowsProject1.cpp
C:\GitHub\Learn-Cpp\WindowsProject1\WindowsProject1\WindowsProject1.cpp(202,13): error C2440: '=': 'HWND'에서 'HDC'(으)로 변환할 수 없습니다.
C:\GitHub\Learn-Cpp\WindowsProject1\WindowsProject1\WindowsProject1.cpp(202,13): message : 가리킨 형식이 관련이 없습니다. 변환하려면 reinterpret_cast, C 스타일 캐스트 또는 괄호가 있는 함수 스타일 캐스트가 필요합니다.
  코드를 생성하고 있습니다...
